\BOOKMARK [1][-]{section*.1}{\376\377\000I\000n\000t\000r\000o\000d\000u\000c\000t\000i\000o\000n}{}% 1
\BOOKMARK [1][-]{section*.2}{\376\377\000I\000m\000p\000o\000r\000t\000i\000n\000g\000\040\000d\000a\000t\000a\000\040\000a\000n\000d\000\040\000Q\000u\000a\000l\000i\000t\000y\000\040\000A\000s\000s\000u\000r\000a\000n\000c\000e\000\040\000\050\000Q\000A\000\051}{}% 2
\BOOKMARK [1][-]{section*.3}{\376\377\000C\000r\000e\000a\000t\000i\000n\000g\000\040\000B\000a\000s\000i\000c\000\040\000P\000l\000o\000t\000s}{}% 3
\BOOKMARK [1][-]{section*.4}{\376\377\000C\000r\000e\000a\000t\000i\000n\000g\000\040\000T\000i\000d\000y\000\040\000D\000a\000t\000a}{}% 4
\BOOKMARK [1][-]{section*.5}{\376\377\000V\000i\000s\000u\000a\000l\000i\000z\000i\000n\000g\000\040\000L\000o\000n\000g\000i\000t\000u\000d\000i\000n\000a\000l\000\040\000D\000a\000t\000a}{}% 5
\BOOKMARK [2][-]{section*.6}{\376\377\000S\000p\000a\000g\000h\000e\000t\000t\000i\000\040\000P\000l\000o\000t\000s}{section*.5}% 6
\BOOKMARK [3][-]{section*.7}{\376\377\000B\000e\000r\000g\000\040\000B\000a\000l\000a\000n\000c\000e\000\040\000S\000c\000a\000l\000e}{section*.6}% 7
\BOOKMARK [3][-]{section*.8}{\376\377\0001\0000\000\040\000M\000e\000t\000e\000r\000\040\000W\000a\000l\000k\000\040\000T\000e\000s\000t}{section*.6}% 8
\BOOKMARK [3][-]{section*.9}{\376\377\000A\000c\000t\000i\000o\000n\000\040\000R\000e\000s\000e\000a\000r\000c\000h\000\040\000A\000r\000m\000\040\000T\000e\000s\000t}{section*.6}% 9
\BOOKMARK [2][-]{section*.10}{\376\377\000F\000a\000c\000e\000t\000e\000d\000/\000L\000a\000t\000t\000i\000c\000e\000\040\000P\000l\000o\000t\000s}{section*.5}% 10
\BOOKMARK [3][-]{section*.11}{\376\377\000B\000e\000r\000g\000\040\000B\000a\000l\000a\000n\000c\000e\000\040\000S\000c\000a\000l\000e}{section*.10}% 11
\BOOKMARK [3][-]{section*.12}{\376\377\000A\000c\000t\000i\000o\000n\000\040\000R\000e\000s\000e\000a\000r\000c\000h\000\040\000A\000r\000m\000\040\000T\000e\000s\000t}{section*.10}% 12
\BOOKMARK [3][-]{section*.13}{\376\377\0001\0000\000\040\000M\000e\000t\000e\000r\000\040\000W\000a\000l\000k\000\040\000T\000e\000s\000t}{section*.10}% 13
\BOOKMARK [2][-]{section*.14}{\376\377\000C\000o\000n\000d\000i\000t\000i\000o\000n\000a\000l\000\040\000P\000l\000o\000t\000s}{section*.5}% 14
\BOOKMARK [1][-]{section*.15}{\376\377\000B\000u\000i\000l\000d\000i\000n\000g\000\040\000S\000t\000a\000t\000i\000s\000t\000i\000c\000a\000l\000\040\000M\000o\000d\000e\000l\000s}{}% 15
\BOOKMARK [2][-]{section*.16}{\376\377\000C\000o\000m\000p\000a\000r\000i\000n\000g\000\040\000L\000i\000n\000e\000a\000r\000\040\000M\000i\000x\000e\000d\000-\000E\000f\000f\000e\000c\000t\000\040\000R\000e\000g\000r\000e\000s\000s\000i\000o\000n\000\040\000t\000o\000\040\000T\000r\000a\000d\000i\000t\000i\000o\000n\000a\000l\000\040\000L\000i\000n\000e\000a\000r\000\040\000M\000o\000d\000e\000l\000s}{section*.15}% 16
\BOOKMARK [2][-]{section*.17}{\376\377\000B\000u\000i\000l\000d\000i\000n\000g\000\040\000L\000i\000n\000e\000a\000r\000\040\000M\000i\000x\000e\000d\000-\000E\000f\000f\000e\000c\000t\000\040\000M\000o\000d\000e\000l\000s}{section*.15}% 17
\BOOKMARK [3][-]{section*.18}{\376\377\000T\000h\000e\000\040\000R\000a\000n\000d\000o\000m\000\040\000I\000n\000t\000e\000r\000c\000e\000p\000t\000s\000\040\000M\000o\000d\000e\000l}{section*.17}% 18
\BOOKMARK [3][-]{section*.19}{\376\377\000P\000l\000o\000t\000\040\000o\000f\000\040\000R\000a\000n\000d\000o\000m\000-\000I\000n\000t\000e\000r\000c\000e\000p\000t\000s\000\040\000M\000o\000d\000e\000l\000\040\000f\000o\000r\000\040\000t\000h\000e\000\040\000B\000e\000r\000g\000\040\000B\000a\000l\000a\000n\000c\000e\000\040\000S\000c\000a\000l\000e}{section*.17}% 19
\BOOKMARK [3][-]{section*.20}{\376\377\000T\000h\000e\000\040\000R\000a\000n\000d\000o\000m\000\040\000I\000n\000t\000e\000r\000c\000e\000p\000t\000\040\000-\000\040\000F\000i\000x\000e\000d\000\040\000S\000l\000o\000p\000e\000\040\000M\000o\000d\000e\000l}{section*.17}% 20
\BOOKMARK [3][-]{section*.21}{\376\377\000P\000l\000o\000t\000\040\000o\000f\000\040\000R\000a\000n\000d\000o\000m\000-\000I\000n\000t\000e\000r\000c\000e\000p\000t\000s\000\040\000F\000i\000x\000e\000d\000\040\000S\000l\000o\000p\000e\000\040\000M\000o\000d\000e\000l\000\040\000f\000o\000r\000\040\000t\000h\000e\000\040\000B\000e\000r\000g\000\040\000B\000a\000l\000a\000n\000c\000e\000\040\000S\000c\000a\000l\000e}{section*.17}% 21
\BOOKMARK [3][-]{section*.22}{\376\377\000T\000h\000e\000\040\000R\000a\000n\000d\000o\000m\000\040\000S\000l\000o\000p\000e\000s\000\040\000M\000o\000d\000e\000l}{section*.17}% 22
\BOOKMARK [3][-]{section*.23}{\376\377\000P\000l\000o\000t\000\040\000o\000f\000\040\000R\000a\000n\000d\000o\000m\000\040\000S\000l\000o\000p\000e\000s\000\040\000M\000o\000d\000e\000l\000\040\000f\000o\000r\000\040\000t\000h\000e\000\040\000B\000e\000r\000g\000\040\000B\000a\000l\000a\000n\000c\000e\000\040\000S\000c\000a\000l\000e}{section*.17}% 23
\BOOKMARK [3][-]{section*.24}{\376\377\000C\000o\000n\000d\000i\000t\000i\000o\000n\000a\000l\000\040\000M\000o\000d\000e\000l\000s}{section*.17}% 24
\BOOKMARK [2][-]{section*.25}{\376\377\000T\000h\000e\000\040\000E\000f\000f\000e\000c\000t\000s\000\040\000o\000f\000\040\000a\000n\000\040\000I\000n\000p\000a\000t\000i\000e\000n\000t\000\040\000R\000e\000h\000a\000b\000i\000l\000i\000t\000a\000t\000i\000o\000n\000\040\000F\000a\000c\000i\000l\000i\000t\000y}{section*.15}% 25
\BOOKMARK [3][-]{section*.26}{\376\377\000D\000o\000e\000s\000\040\000I\000R\000F\000\040\000a\000f\000f\000e\000c\000t\000\040\000t\000h\000e\000\040\000i\000n\000t\000e\000r\000c\000e\000p\000t\000?}{section*.25}% 26
\BOOKMARK [3][-]{section*.27}{\376\377\000D\000o\000e\000s\000\040\000I\000R\000F\000\040\000a\000f\000f\000e\000c\000t\000\040\000t\000h\000e\000\040\000r\000a\000t\000e\000\040\000o\000f\000\040\000c\000h\000a\000n\000g\000e\000?}{section*.25}% 27
